Arguments: 
  /Users/aske/.nvm/versions/node/v16.13.0/bin/node /opt/homebrew/bin/yarn add esbuild

PATH: 
  /Users/aske/.gem/ruby/3.1.0/bin:/Users/aske/.rubies/ruby-3.1.0/lib/ruby/gems/3.1.0/bin:/Users/aske/.rubies/ruby-3.1.0/bin:/Users/aske/.nvm/versions/node/v16.13.0/bin:/usr/local/git/bin:/Users/aske/bin:/Applications/Postgres.app/Contents/Versions/latest/bin:/opt/homebrew/bin:/opt/homebrew/sbin:/usr/local/bin:/System/Cryptexes/App/usr/bin:/usr/bin:/bin:/usr/sbin:/sbin:/Library/Apple/usr/bin:/Users/aske/.fig/bin:/Users/aske/.yarn/bin:/usr/local/sbin

Yarn version: 
  1.22.17

Node version: 
  16.13.0

Platform: 
  darwin arm64

Trace: 
  SyntaxError: /Users/aske/apps/quietspace/package.json: Unexpected token } in JSON at position 213
      at JSON.parse (<anonymous>)
      at /opt/homebrew/lib/node_modules/yarn/lib/cli.js:1625:59
      at Generator.next (<anonymous>)
      at step (/opt/homebrew/lib/node_modules/yarn/lib/cli.js:310:30)
      at /opt/homebrew/lib/node_modules/yarn/lib/cli.js:321:13

npm manifest: 
  {
    "name": "quietspace",
    "private": true,
    "dependencies": {
      "@hotwired/stimulus": "^3.1.1"
    },
    "scripts": {
      "build": "esbuild app/javascript/*.* --bundle --sourcemap --outdir=app/assets/builds",
    }
  }

yarn manifest: 
  No manifest

Lockfile: 
  # THIS IS AN AUTOGENERATED FILE. DO NOT EDIT THIS FILE DIRECTLY.
  # yarn lockfile v1
  
  
  "@hotwired/stimulus@^3.1.1":
    version "3.1.1"
    resolved "https://registry.yarnpkg.com/@hotwired/stimulus/-/stimulus-3.1.1.tgz#652f08a8e1d5edcb407340e58818fcff463b5848"
    integrity sha512-e0JpzIaYLsRRXevRDVs0yevabiCvieIWWCwh7VqVXjXM5AOHdjb7AjaKIj34zYFmY1N6HIRRfk915WVMYlHnDA==
